------------------|----------|----------|----------|----------|-------------------|
File              |  % Stmts | % Branch |  % Funcs |  % Lines | Uncovered Line #s |
------------------|----------|----------|----------|----------|-------------------|
All files         |     6.98 |        0 |    11.76 |     6.98 |                   |
 App.tsx          |      100 |      100 |      100 |      100 |                   |
 Coverage.tsx     |      100 |      100 |      100 |      100 |                   |
 index.tsx        |        0 |      100 |      100 |        0 |              7,12 |
 serviceWorker.ts |        0 |        0 |        0 |        0 |... 31,138,139,140 |
------------------|----------|----------|----------|----------|-------------------|
